# JRE version: OpenJDK Runtime Environment (11.0.11+9) (build 11.0.11+9-b60-7590822)
# Java VM: OpenJDK 64-Bit Server VM (11.0.11+9-b60-7590822, mixed mode, tiered, compressed oops, g1 gc, windows-amd64)
Heap:
 garbage-first heap   total 183296K, used 59904K [0x0000000085200000, 0x0000000100000000)
  region size 1024K, 7 young (7168K), 7 survivors (7168K)
 Metaspace       used 66638K, capacity 67459K, committed 67632K, reserved 1110016K
  class space    used 7402K, capacity 7729K, committed 7808K, reserved 1048576K
GC Heap History (17 events):
Event: 1.112 GC heap before
{Heap before GC invocations=0 (full 0):
 garbage-first heap   total 126976K, used 17408K [0x0000000085200000, 0x0000000100000000)
  region size 1024K, 14 young (14336K), 0 survivors (0K)
 Metaspace       used 9795K, capacity 9874K, committed 10112K, reserved 1058816K
  class space    used 838K, capacity 885K, committed 896K, reserved 1048576K
}
Event: 1.122 GC heap after
{Heap after GC invocations=1 (full 0):
 garbage-first heap   total 126976K, used 5282K [0x0000000085200000, 0x0000000100000000)
  region size 1024K, 2 young (2048K), 2 survivors (2048K)
 Metaspace       used 9795K, capacity 9874K, committed 10112K, reserved 1058816K
  class space    used 838K, capacity 885K, committed 896K, reserved 1048576K
}
Event: 2.805 GC heap before
{Heap before GC invocations=1 (full 0):
 garbage-first heap   total 126976K, used 51362K [0x0000000085200000, 0x0000000100000000)
  region size 1024K, 48 young (49152K), 2 survivors (2048K)
 Metaspace       used 20919K, capacity 21152K, committed 21296K, reserved 1069056K
  class space    used 2221K, capacity 2355K, committed 2432K, reserved 1048576K
}
Event: 2.830 GC heap after
{Heap after GC invocations=2 (full 0):
 garbage-first heap   total 126976K, used 9378K [0x0000000085200000, 0x0000000100000000)
  region size 1024K, 6 young (6144K), 6 survivors (6144K)
 Metaspace       used 20919K, capacity 21152K, committed 21296K, reserved 1069056K
  class space    used 2221K, capacity 2355K, committed 2432K, reserved 1048576K
}
Event: 7.552 GC heap before
{Heap before GC invocations=3 (full 0):
 garbage-first heap   total 126976K, used 60578K [0x0000000085200000, 0x0000000100000000)
  region size 1024K, 51 young (52224K), 6 survivors (6144K)
 Metaspace       used 31088K, capacity 31571K, committed 31792K, reserved 1077248K
  class space    used 3731K, capacity 3904K, committed 3968K, reserved 1048576K
}
Event: 7.595 GC heap after
{Heap after GC invocations=4 (full 0):
 garbage-first heap   total 126976K, used 21151K [0x0000000085200000, 0x0000000100000000)
  region size 1024K, 7 young (7168K), 7 survivors (7168K)
 Metaspace       used 31088K, capacity 31571K, committed 31792K, reserved 1077248K
  class space    used 3731K, capacity 3904K, committed 3968K, reserved 1048576K
}
Event: 8.492 GC heap before
{Heap before GC invocations=4 (full 0):
 garbage-first heap   total 126976K, used 37535K [0x0000000085200000, 0x0000000100000000)
  region size 1024K, 24 young (24576K), 7 survivors (7168K)
 Metaspace       used 35219K, capacity 35683K, committed 35888K, reserved 1081344K
  class space    used 4390K, capacity 4611K, committed 4736K, reserved 1048576K
}
Event: 8.530 GC heap after
{Heap after GC invocations=5 (full 0):
 garbage-first heap   total 126976K, used 22528K [0x0000000085200000, 0x0000000100000000)
  region size 1024K, 2 young (2048K), 2 survivors (2048K)
 Metaspace       used 35219K, capacity 35683K, committed 35888K, reserved 1081344K
  class space    used 4390K, capacity 4611K, committed 4736K, reserved 1048576K
}
Event: 12.056 GC heap before
{Heap before GC invocations=6 (full 0):
 garbage-first heap   total 126976K, used 76800K [0x0000000085200000, 0x0000000100000000)
  region size 1024K, 55 young (56320K), 2 survivors (2048K)
 Metaspace       used 46068K, capacity 46597K, committed 46896K, reserved 1091584K
  class space    used 5483K, capacity 5682K, committed 5760K, reserved 1048576K
}
Event: 12.089 GC heap after
{Heap after GC invocations=7 (full 0):
 garbage-first heap   total 152576K, used 25387K [0x0000000085200000, 0x0000000100000000)
  region size 1024K, 7 young (7168K), 7 survivors (7168K)
 Metaspace       used 46068K, capacity 46597K, committed 46896K, reserved 1091584K
  class space    used 5483K, capacity 5682K, committed 5760K, reserved 1048576K
}
Event: 15.392 GC heap before
{Heap before GC invocations=8 (full 0):
 garbage-first heap   total 152576K, used 90923K [0x0000000085200000, 0x0000000100000000)
  region size 1024K, 68 young (69632K), 7 survivors (7168K)
 Metaspace       used 52354K, capacity 52958K, committed 53168K, reserved 1095680K
  class space    used 6094K, capacity 6338K, committed 6400K, reserved 1048576K
}
Event: 15.427 GC heap after
{Heap after GC invocations=9 (full 0):
 garbage-first heap   total 152576K, used 34647K [0x0000000085200000, 0x0000000100000000)
  region size 1024K, 8 young (8192K), 8 survivors (8192K)
 Metaspace       used 52354K, capacity 52958K, committed 53168K, reserved 1095680K
  class space    used 6094K, capacity 6338K, committed 6400K, reserved 1048576K
}
Event: 19.120 GC heap before
{Heap before GC invocations=9 (full 0):
 garbage-first heap   total 152576K, used 100183K [0x0000000085200000, 0x0000000100000000)
  region size 1024K, 72 young (73728K), 8 survivors (8192K)
 Metaspace       used 57624K, capacity 58331K, committed 58416K, reserved 1101824K
  class space    used 6656K, capacity 6956K, committed 7040K, reserved 1048576K
}
Event: 19.161 GC heap after
{Heap after GC invocations=10 (full 0):
 garbage-first heap   total 152576K, used 43876K [0x0000000085200000, 0x0000000100000000)
  region size 1024K, 9 young (9216K), 9 survivors (9216K)
 Metaspace       used 57624K, capacity 58331K, committed 58416K, reserved 1101824K
  class space    used 6656K, capacity 6956K, committed 7040K, reserved 1048576K
}
Event: 23.912 GC heap before
{Heap before GC invocations=10 (full 0):
 garbage-first heap   total 152576K, used 109412K [0x0000000085200000, 0x0000000100000000)
  region size 1024K, 73 young (74752K), 9 survivors (9216K)
 Metaspace       used 61458K, capacity 62263K, committed 62512K, reserved 1103872K
  class space    used 6930K, capacity 7252K, committed 7296K, reserved 1048576K
}
Event: 23.961 GC heap after
{Heap after GC invocations=11 (full 0):
 garbage-first heap   total 152576K, used 53248K [0x0000000085200000, 0x0000000100000000)
  region size 1024K, 9 young (9216K), 9 survivors (9216K)
 Metaspace       used 61458K, capacity 62263K, committed 62512K, reserved 1103872K
  class space    used 6930K, capacity 7252K, committed 7296K, reserved 1048576K
}
Event: 28.079 GC heap before
{Heap before GC invocations=11 (full 0):
 garbage-first heap   total 152576K, used 113664K [0x0000000085200000, 0x0000000100000000)
  region size 1024K, 68 young (69632K), 9 survivors (9216K)
 Metaspace       used 66638K, capacity 67459K, committed 67632K, reserved 1110016K
  class space    used 7402K, capacity 7729K, committed 7808K, reserved 1048576K
}

